Generated at 2018-08-17 05:17:46 -0500
Net::HTTPFatalError: 500 "Internal Server Error"
/usr/lib/ruby/2.5.0/net/http/response.rb:122:in `error!'
/var/lib/gems/2.5.0/gems/chef-14.3.37/lib/chef/http.rb:152:in `request'
/var/lib/gems/2.5.0/gems/chef-14.3.37/lib/chef/http.rb:131:in `post'
/var/lib/gems/2.5.0/gems/chef-14.3.37/lib/chef/node.rb:623:in `create'
/var/lib/gems/2.5.0/gems/chef-14.3.37/lib/chef/node.rb:581:in `rescue in find_or_create'
/var/lib/gems/2.5.0/gems/chef-14.3.37/lib/chef/node.rb:576:in `find_or_create'
/var/lib/gems/2.5.0/gems/chef-14.3.37/lib/chef/policy_builder/dynamic.rb:72:in `load_node'
/var/lib/gems/2.5.0/gems/chef-14.3.37/lib/chef/client.rb:472:in `load_node'
/var/lib/gems/2.5.0/gems/chef-14.3.37/lib/chef/client.rb:267:in `run'
/var/lib/gems/2.5.0/gems/chef-14.3.37/lib/chef/application.rb:303:in `run_with_graceful_exit_option'
/var/lib/gems/2.5.0/gems/chef-14.3.37/lib/chef/application.rb:279:in `block in run_chef_client'
/var/lib/gems/2.5.0/gems/chef-14.3.37/lib/chef/local_mode.rb:44:in `with_server_connectivity'
/var/lib/gems/2.5.0/gems/chef-14.3.37/lib/chef/application.rb:261:in `run_chef_client'
/var/lib/gems/2.5.0/gems/chef-14.3.37/lib/chef/application/client.rb:440:in `run_application'
/var/lib/gems/2.5.0/gems/chef-14.3.37/lib/chef/application.rb:66:in `run'
/var/lib/gems/2.5.0/gems/chef-14.3.37/lib/chef/application/solo.rb:224:in `run'
/var/lib/gems/2.5.0/gems/chef-14.3.37/bin/chef-solo:24:in `<top (required)>'
/usr/local/bin/chef-solo:23:in `load'
/usr/local/bin/chef-solo:23:in `<main>'

>>>> Caused by Net::HTTPServerException: 404 "Not Found"
/usr/lib/ruby/2.5.0/net/http/response.rb:122:in `error!'
/var/lib/gems/2.5.0/gems/chef-14.3.37/lib/chef/http.rb:152:in `request'
/var/lib/gems/2.5.0/gems/chef-14.3.37/lib/chef/http.rb:115:in `get'
/var/lib/gems/2.5.0/gems/chef-14.3.37/lib/chef/node.rb:593:in `load'
/var/lib/gems/2.5.0/gems/chef-14.3.37/lib/chef/node.rb:577:in `find_or_create'
/var/lib/gems/2.5.0/gems/chef-14.3.37/lib/chef/policy_builder/dynamic.rb:72:in `load_node'
/var/lib/gems/2.5.0/gems/chef-14.3.37/lib/chef/client.rb:472:in `load_node'
/var/lib/gems/2.5.0/gems/chef-14.3.37/lib/chef/client.rb:267:in `run'
/var/lib/gems/2.5.0/gems/chef-14.3.37/lib/chef/application.rb:303:in `run_with_graceful_exit_option'
/var/lib/gems/2.5.0/gems/chef-14.3.37/lib/chef/application.rb:279:in `block in run_chef_client'
/var/lib/gems/2.5.0/gems/chef-14.3.37/lib/chef/local_mode.rb:44:in `with_server_connectivity'
/var/lib/gems/2.5.0/gems/chef-14.3.37/lib/chef/application.rb:261:in `run_chef_client'
/var/lib/gems/2.5.0/gems/chef-14.3.37/lib/chef/application/client.rb:440:in `run_application'
/var/lib/gems/2.5.0/gems/chef-14.3.37/lib/chef/application.rb:66:in `run'
/var/lib/gems/2.5.0/gems/chef-14.3.37/lib/chef/application/solo.rb:224:in `run'
/var/lib/gems/2.5.0/gems/chef-14.3.37/bin/chef-solo:24:in `<top (required)>'
/usr/local/bin/chef-solo:23:in `load'
/usr/local/bin/chef-solo:23:in `<main>'