Generated at 2018-08-16 01:03:57 -0500
Errno::ENOENT: ruby_block[do_it] (cb1::test line 1) had an error: Errno::ENOENT: No such file or directory @ rb_sysopen - ~/block.rb
/var/lib/gems/2.5.0/gems/mixlib-config-2.2.13/lib/mixlib/config.rb:63:in `read'
/var/lib/gems/2.5.0/gems/mixlib-config-2.2.13/lib/mixlib/config.rb:63:in `from_file'
/home/troutje/chef-repo/local-mode-cache/cache/cookbooks/cb1/recipes/test.rb:3:in `block (2 levels) in from_file'
/var/lib/gems/2.5.0/gems/chef-14.3.37/lib/chef/provider/ruby_block.rb:31:in `block in action_run'
/var/lib/gems/2.5.0/gems/chef-14.3.37/lib/chef/mixin/why_run.rb:51:in `add_action'
/var/lib/gems/2.5.0/gems/chef-14.3.37/lib/chef/provider.rb:227:in `converge_by'
/var/lib/gems/2.5.0/gems/chef-14.3.37/lib/chef/provider/ruby_block.rb:30:in `action_run'
/var/lib/gems/2.5.0/gems/chef-14.3.37/lib/chef/provider.rb:182:in `run_action'
/var/lib/gems/2.5.0/gems/chef-14.3.37/lib/chef/resource.rb:577:in `run_action'
/var/lib/gems/2.5.0/gems/chef-14.3.37/lib/chef/runner.rb:70:in `run_action'
/var/lib/gems/2.5.0/gems/chef-14.3.37/lib/chef/runner.rb:98:in `block (2 levels) in converge'
/var/lib/gems/2.5.0/gems/chef-14.3.37/lib/chef/runner.rb:98:in `each'
/var/lib/gems/2.5.0/gems/chef-14.3.37/lib/chef/runner.rb:98:in `block in converge'
/var/lib/gems/2.5.0/gems/chef-14.3.37/lib/chef/resource_collection/resource_list.rb:94:in `block in execute_each_resource'
/var/lib/gems/2.5.0/gems/chef-14.3.37/lib/chef/resource_collection/stepable_iterator.rb:114:in `call_iterator_block'
/var/lib/gems/2.5.0/gems/chef-14.3.37/lib/chef/resource_collection/stepable_iterator.rb:85:in `step'
/var/lib/gems/2.5.0/gems/chef-14.3.37/lib/chef/resource_collection/stepable_iterator.rb:103:in `iterate'
/var/lib/gems/2.5.0/gems/chef-14.3.37/lib/chef/resource_collection/stepable_iterator.rb:55:in `each_with_index'
/var/lib/gems/2.5.0/gems/chef-14.3.37/lib/chef/resource_collection/resource_list.rb:92:in `execute_each_resource'
/var/lib/gems/2.5.0/gems/chef-14.3.37/lib/chef/runner.rb:97:in `converge'
/var/lib/gems/2.5.0/gems/chef-14.3.37/lib/chef/client.rb:720:in `block in converge'
/var/lib/gems/2.5.0/gems/chef-14.3.37/lib/chef/client.rb:715:in `catch'
/var/lib/gems/2.5.0/gems/chef-14.3.37/lib/chef/client.rb:715:in `converge'
/var/lib/gems/2.5.0/gems/chef-14.3.37/lib/chef/client.rb:754:in `converge_and_save'
/var/lib/gems/2.5.0/gems/chef-14.3.37/lib/chef/client.rb:286:in `run'
/var/lib/gems/2.5.0/gems/chef-14.3.37/lib/chef/application.rb:303:in `run_with_graceful_exit_option'
/var/lib/gems/2.5.0/gems/chef-14.3.37/lib/chef/application.rb:279:in `block in run_chef_client'
/var/lib/gems/2.5.0/gems/chef-14.3.37/lib/chef/local_mode.rb:44:in `with_server_connectivity'
/var/lib/gems/2.5.0/gems/chef-14.3.37/lib/chef/application.rb:261:in `run_chef_client'
/var/lib/gems/2.5.0/gems/chef-14.3.37/lib/chef/application/client.rb:440:in `run_application'
/var/lib/gems/2.5.0/gems/chef-14.3.37/lib/chef/application.rb:66:in `run'
/var/lib/gems/2.5.0/gems/chef-14.3.37/lib/chef/application/solo.rb:224:in `run'
/var/lib/gems/2.5.0/gems/chef-14.3.37/bin/chef-solo:24:in `<top (required)>'
/usr/local/bin/chef-solo:23:in `load'
/usr/local/bin/chef-solo:23:in `<main>'

>>>> Caused by Errno::ENOENT: No such file or directory @ rb_sysopen - ~/block.rb
/var/lib/gems/2.5.0/gems/mixlib-config-2.2.13/lib/mixlib/config.rb:63:in `read'
/var/lib/gems/2.5.0/gems/mixlib-config-2.2.13/lib/mixlib/config.rb:63:in `from_file'
/home/troutje/chef-repo/local-mode-cache/cache/cookbooks/cb1/recipes/test.rb:3:in `block (2 levels) in from_file'
/var/lib/gems/2.5.0/gems/chef-14.3.37/lib/chef/provider/ruby_block.rb:31:in `block in action_run'
/var/lib/gems/2.5.0/gems/chef-14.3.37/lib/chef/mixin/why_run.rb:51:in `add_action'
/var/lib/gems/2.5.0/gems/chef-14.3.37/lib/chef/provider.rb:227:in `converge_by'
/var/lib/gems/2.5.0/gems/chef-14.3.37/lib/chef/provider/ruby_block.rb:30:in `action_run'
/var/lib/gems/2.5.0/gems/chef-14.3.37/lib/chef/provider.rb:182:in `run_action'
/var/lib/gems/2.5.0/gems/chef-14.3.37/lib/chef/resource.rb:577:in `run_action'
/var/lib/gems/2.5.0/gems/chef-14.3.37/lib/chef/runner.rb:70:in `run_action'
/var/lib/gems/2.5.0/gems/chef-14.3.37/lib/chef/runner.rb:98:in `block (2 levels) in converge'
/var/lib/gems/2.5.0/gems/chef-14.3.37/lib/chef/runner.rb:98:in `each'
/var/lib/gems/2.5.0/gems/chef-14.3.37/lib/chef/runner.rb:98:in `block in converge'
/var/lib/gems/2.5.0/gems/chef-14.3.37/lib/chef/resource_collection/resource_list.rb:94:in `block in execute_each_resource'
/var/lib/gems/2.5.0/gems/chef-14.3.37/lib/chef/resource_collection/stepable_iterator.rb:114:in `call_iterator_block'
/var/lib/gems/2.5.0/gems/chef-14.3.37/lib/chef/resource_collection/stepable_iterator.rb:85:in `step'
/var/lib/gems/2.5.0/gems/chef-14.3.37/lib/chef/resource_collection/stepable_iterator.rb:103:in `iterate'
/var/lib/gems/2.5.0/gems/chef-14.3.37/lib/chef/resource_collection/stepable_iterator.rb:55:in `each_with_index'
/var/lib/gems/2.5.0/gems/chef-14.3.37/lib/chef/resource_collection/resource_list.rb:92:in `execute_each_resource'
/var/lib/gems/2.5.0/gems/chef-14.3.37/lib/chef/runner.rb:97:in `converge'
/var/lib/gems/2.5.0/gems/chef-14.3.37/lib/chef/client.rb:720:in `block in converge'
/var/lib/gems/2.5.0/gems/chef-14.3.37/lib/chef/client.rb:715:in `catch'
/var/lib/gems/2.5.0/gems/chef-14.3.37/lib/chef/client.rb:715:in `converge'
/var/lib/gems/2.5.0/gems/chef-14.3.37/lib/chef/client.rb:754:in `converge_and_save'
/var/lib/gems/2.5.0/gems/chef-14.3.37/lib/chef/client.rb:286:in `run'
/var/lib/gems/2.5.0/gems/chef-14.3.37/lib/chef/application.rb:303:in `run_with_graceful_exit_option'
/var/lib/gems/2.5.0/gems/chef-14.3.37/lib/chef/application.rb:279:in `block in run_chef_client'
/var/lib/gems/2.5.0/gems/chef-14.3.37/lib/chef/local_mode.rb:44:in `with_server_connectivity'
/var/lib/gems/2.5.0/gems/chef-14.3.37/lib/chef/application.rb:261:in `run_chef_client'
/var/lib/gems/2.5.0/gems/chef-14.3.37/lib/chef/application/client.rb:440:in `run_application'
/var/lib/gems/2.5.0/gems/chef-14.3.37/lib/chef/application.rb:66:in `run'
/var/lib/gems/2.5.0/gems/chef-14.3.37/lib/chef/application/solo.rb:224:in `run'
/var/lib/gems/2.5.0/gems/chef-14.3.37/bin/chef-solo:24:in `<top (required)>'
/usr/local/bin/chef-solo:23:in `load'
/usr/local/bin/chef-solo:23:in `<main>'